[01:32:10] [main/INFO] (FabricLoader/GameProvider) Loading Minecraft 1.21 with Fabric Loader 0.15.11
[01:32:12] [main/INFO] (FabricLoader) Loading 55 mods:
	- fabric-api 0.100.7+1.21
	- fabric-api-base 0.4.42+6573ed8cd1
	- fabric-api-lookup-api-v1 1.6.67+b5597344d1
	- fabric-biome-api-v1 13.0.29+5bd9f1bcd1
	- fabric-block-api-v1 1.0.22+0af3f5a7d1
	- fabric-block-view-api-v2 1.0.10+6573ed8cd1
	- fabric-blockrenderlayer-v1 1.1.52+0af3f5a7d1
	- fabric-client-tags-api-v1 1.1.15+6573ed8cd1
	- fabric-command-api-v1 1.2.49+f71b366fd1
	- fabric-command-api-v2 2.2.28+6ced4dd9d1
	- fabric-commands-v0 0.2.66+df3654b3d1
	- fabric-content-registries-v0 8.0.15+b5597344d1
	- fabric-convention-tags-v1 2.0.18+7f945d5bd1
	- fabric-convention-tags-v2 2.4.2+c111832ad1
	- fabric-crash-report-info-v1 0.2.29+0af3f5a7d1
	- fabric-data-attachment-api-v1 1.1.25+6a6dfa19d1
	- fabric-data-generation-api-v1 20.2.12+16c4ae25d1
	- fabric-dimensions-v1 4.0.0+6fc22b99d1
	- fabric-entity-events-v1 1.6.12+6fc22b99d1
	- fabric-events-interaction-v0 0.7.10+e633f883d1
	- fabric-game-rule-api-v1 1.0.53+6ced4dd9d1
	- fabric-gametest-api-v1 2.0.3+6fc22b99d1
	- fabric-item-api-v1 11.0.0+afdfc921d1
	- fabric-item-group-api-v1 4.1.3+78017270d1
	- fabric-key-binding-api-v1 1.0.47+0af3f5a7d1
	- fabric-keybindings-v0 0.2.45+df3654b3d1
	- fabric-lifecycle-events-v1 2.3.11+8f3583aed1
	- fabric-loot-api-v2 3.0.13+3f89f5a5d1
	- fabric-loot-api-v3 1.0.1+3f89f5a5d1
	- fabric-message-api-v1 6.0.13+6573ed8cd1
	- fabric-model-loading-api-v1 2.0.0+fe474d6bd1
	- fabric-networking-api-v1 4.2.0+ab7edbacd1
	- fabric-object-builder-api-v1 15.1.13+d1321076d1
	- fabric-particles-v1 4.0.2+6573ed8cd1
	- fabric-recipe-api-v1 5.0.10+65089712d1
	- fabric-registry-sync-v0 5.0.25+5bd9f1bcd1
	- fabric-renderer-api-v1 3.3.0+0ae0b97dd1
	- fabric-renderer-indigo 1.6.5+48fb1586d1
	- fabric-renderer-registries-v1 3.2.68+df3654b3d1
	- fabric-rendering-data-attachment-v1 0.3.48+73761d2ed1
	- fabric-rendering-fluids-v1 3.1.6+b5597344d1
	- fabric-rendering-v0 1.1.71+df3654b3d1
	- fabric-rendering-v1 5.0.5+df16efd0d1
	- fabric-resource-conditions-api-v1 4.2.1+d153f344d1
	- fabric-resource-loader-v0 1.2.0+7e687b32d1
	- fabric-screen-api-v1 2.0.24+b5597344d1
	- fabric-screen-handler-api-v1 1.3.82+b5597344d1
	- fabric-sound-api-v1 1.0.23+6573ed8cd1
	- fabric-transfer-api-v1 5.1.15+3dccd343d1
	- fabric-transitive-access-wideners-v1 6.0.12+6573ed8cd1
	- fabricloader 0.15.11
	- java 21
	- kotatsukun-furniture-mod 0.0.1--1.21
	- minecraft 1.21
	- mixinextras 0.3.5
[01:32:12] [main/INFO] (FabricLoader/Mixin) SpongePowered MIXIN Subsystem Version=0.8.5 Source=file:/D:/Dev/java/gradle/caches/modules-2/files-2.1/net.fabricmc/sponge-mixin/0.13.3+mixin.0.8.5/9527e6b0d2449408958fd1302594dc65ec5ade9c/sponge-mixin-0.13.3+mixin.0.8.5.jar Service=Knot/Fabric Env=CLIENT
[01:32:13] [main/INFO] (FabricLoader/Mixin) Loaded Fabric development mappings for mixin remapper!
[01:32:13] [main/INFO] (FabricLoader/Mixin) Compatibility level set to JAVA_17
[01:32:13] [main/INFO] (FabricLoader/Mixin) Compatibility level set to JAVA_21
[01:32:24] [main/INFO] (FabricLoader/MixinExtras|Service) Initializing MixinExtras via com.llamalad7.mixinextras.service.MixinExtrasServiceImpl(version=0.3.5).
[01:32:37] [Datafixer Bootstrap/INFO] (Minecraft) 226 Datafixer optimizations took 9608 milliseconds
[01:32:59] [Render thread/INFO] (Minecraft) Environment: Environment[sessionHost=https://sessionserver.mojang.com, servicesHost=https://api.minecraftservices.com, name=PROD]
[01:32:59] [Render thread/INFO] (Minecraft) Setting user: Player496
[01:32:59] [Render thread/INFO] (kotatsukun-furniture-mod) Registering Item Group for kotatsukun-furniture-mod
[01:33:00] [Render thread/INFO] (kotatsukun-furniture-mod) Registering Modblocks for kotatsukun-furniture-mod
[01:33:00] [Render thread/INFO] (kotatsukun-furniture-mod) Registering Mod items for kotatsukun-furniture-mod
[01:33:02] [Render thread/INFO] (Indigo) [Indigo] Registering Indigo renderer!
[01:33:04] [Render thread/INFO] (Minecraft) Backend library: LWJGL version 3.3.3-snapshot
[01:33:10] [Render thread/INFO] (Minecraft) Reloading ResourceManager: vanilla, fabric, fabric-api, fabric-api-base, fabric-api-lookup-api-v1, fabric-biome-api-v1, fabric-block-api-v1, fabric-block-view-api-v2, fabric-blockrenderlayer-v1, fabric-client-tags-api-v1, fabric-command-api-v1, fabric-command-api-v2, fabric-commands-v0, fabric-content-registries-v0, fabric-convention-tags-v1, fabric-convention-tags-v2, fabric-crash-report-info-v1, fabric-data-attachment-api-v1, fabric-data-generation-api-v1, fabric-dimensions-v1, fabric-entity-events-v1, fabric-events-interaction-v0, fabric-game-rule-api-v1, fabric-gametest-api-v1, fabric-item-api-v1, fabric-item-group-api-v1, fabric-key-binding-api-v1, fabric-keybindings-v0, fabric-lifecycle-events-v1, fabric-loot-api-v2, fabric-loot-api-v3, fabric-message-api-v1, fabric-model-loading-api-v1, fabric-networking-api-v1, fabric-object-builder-api-v1, fabric-particles-v1, fabric-recipe-api-v1, fabric-registry-sync-v0, fabric-renderer-api-v1, fabric-renderer-indigo, fabric-renderer-registries-v1, fabric-rendering-data-attachment-v1, fabric-rendering-fluids-v1, fabric-rendering-v0, fabric-rendering-v1, fabric-resource-conditions-api-v1, fabric-resource-loader-v0, fabric-screen-api-v1, fabric-screen-handler-api-v1, fabric-sound-api-v1, fabric-transfer-api-v1, fabric-transitive-access-wideners-v1, fabricloader, kotatsukun-furniture-mod
[01:33:11] [Worker-Main-3/INFO] (Minecraft) Found unifont_all_no_pua-15.1.05.hex, loading
[01:33:12] [Worker-Main-2/ERROR] (Minecraft) Failed to load model kotatsukun-furniture-mod:models/block/red_pillar1.json
com.google.gson.JsonParseException: Mod Creation:red pillar is not valid resource location
	at net.minecraft.client.render.model.json.JsonUnbakedModel$Deserializer.resolveReference(JsonUnbakedModel.java:360) ~[minecraft-merged-fb838c10a7-1.21-net.fabricmc.yarn.1_21.1.21+build.9-v2.jar:?]
	at net.minecraft.client.render.model.json.JsonUnbakedModel$Deserializer.texturesFromJson(JsonUnbakedModel.java:347) ~[minecraft-merged-fb838c10a7-1.21-net.fabricmc.yarn.1_21.1.21+build.9-v2.jar:?]
	at net.minecraft.client.render.model.json.JsonUnbakedModel$Deserializer.deserialize(JsonUnbakedModel.java:308) ~[minecraft-merged-fb838c10a7-1.21-net.fabricmc.yarn.1_21.1.21+build.9-v2.jar:?]
	at net.minecraft.client.render.model.json.JsonUnbakedModel$Deserializer.deserialize(JsonUnbakedModel.java:300) ~[minecraft-merged-fb838c10a7-1.21-net.fabricmc.yarn.1_21.1.21+build.9-v2.jar:?]
	at com.google.gson.internal.bind.TreeTypeAdapter.read(TreeTypeAdapter.java:76) ~[gson-2.10.1.jar:?]
	at net.minecraft.util.JsonHelper.deserializeNullable(JsonHelper.java:525) ~[minecraft-merged-fb838c10a7-1.21-net.fabricmc.yarn.1_21.1.21+build.9-v2.jar:?]
	at net.minecraft.util.JsonHelper.deserialize(JsonHelper.java:532) ~[minecraft-merged-fb838c10a7-1.21-net.fabricmc.yarn.1_21.1.21+build.9-v2.jar:?]
	at net.minecraft.util.JsonHelper.deserialize(JsonHelper.java:582) ~[minecraft-merged-fb838c10a7-1.21-net.fabricmc.yarn.1_21.1.21+build.9-v2.jar:?]
	at net.minecraft.client.render.model.json.JsonUnbakedModel.deserialize(JsonUnbakedModel.java:86) ~[minecraft-merged-fb838c10a7-1.21-net.fabricmc.yarn.1_21.1.21+build.9-v2.jar:?]
	at net.minecraft.client.render.model.BakedModelManager.method_45898(BakedModelManager.java:105) ~[minecraft-merged-fb838c10a7-1.21-net.fabricmc.yarn.1_21.1.21+build.9-v2.jar:?]
	at java.base/java.util.concurrent.CompletableFuture$AsyncSupply.run(CompletableFuture.java:1768) [?:?]
	at java.base/java.util.concurrent.CompletableFuture$AsyncSupply.exec(CompletableFuture.java:1760) [?:?]
	at java.base/java.util.concurrent.ForkJoinTask.doExec(ForkJoinTask.java:387) [?:?]
	at java.base/java.util.concurrent.ForkJoinPool$WorkQueue.topLevelExec(ForkJoinPool.java:1312) [?:?]
	at java.base/java.util.concurrent.ForkJoinPool.scan(ForkJoinPool.java:1843) [?:?]
	at java.base/java.util.concurrent.ForkJoinPool.runWorker(ForkJoinPool.java:1808) [?:?]
	at java.base/java.util.concurrent.ForkJoinWorkerThread.run(ForkJoinWorkerThread.java:188) [?:?]
[01:33:12] [Worker-Main-2/ERROR] (Minecraft) Failed to load model kotatsukun-furniture-mod:models/block/red_pillar2.json
com.google.gson.JsonParseException: Mod Creation:red pillar2 is not valid resource location
	at net.minecraft.client.render.model.json.JsonUnbakedModel$Deserializer.resolveReference(JsonUnbakedModel.java:360) ~[minecraft-merged-fb838c10a7-1.21-net.fabricmc.yarn.1_21.1.21+build.9-v2.jar:?]
	at net.minecraft.client.render.model.json.JsonUnbakedModel$Deserializer.texturesFromJson(JsonUnbakedModel.java:347) ~[minecraft-merged-fb838c10a7-1.21-net.fabricmc.yarn.1_21.1.21+build.9-v2.jar:?]
	at net.minecraft.client.render.model.json.JsonUnbakedModel$Deserializer.deserialize(JsonUnbakedModel.java:308) ~[minecraft-merged-fb838c10a7-1.21-net.fabricmc.yarn.1_21.1.21+build.9-v2.jar:?]
	at net.minecraft.client.render.model.json.JsonUnbakedModel$Deserializer.deserialize(JsonUnbakedModel.java:300) ~[minecraft-merged-fb838c10a7-1.21-net.fabricmc.yarn.1_21.1.21+build.9-v2.jar:?]
	at com.google.gson.internal.bind.TreeTypeAdapter.read(TreeTypeAdapter.java:76) ~[gson-2.10.1.jar:?]
	at net.minecraft.util.JsonHelper.deserializeNullable(JsonHelper.java:525) ~[minecraft-merged-fb838c10a7-1.21-net.fabricmc.yarn.1_21.1.21+build.9-v2.jar:?]
	at net.minecraft.util.JsonHelper.deserialize(JsonHelper.java:532) ~[minecraft-merged-fb838c10a7-1.21-net.fabricmc.yarn.1_21.1.21+build.9-v2.jar:?]
	at net.minecraft.util.JsonHelper.deserialize(JsonHelper.java:582) ~[minecraft-merged-fb838c10a7-1.21-net.fabricmc.yarn.1_21.1.21+build.9-v2.jar:?]
	at net.minecraft.client.render.model.json.JsonUnbakedModel.deserialize(JsonUnbakedModel.java:86) ~[minecraft-merged-fb838c10a7-1.21-net.fabricmc.yarn.1_21.1.21+build.9-v2.jar:?]
	at net.minecraft.client.render.model.BakedModelManager.method_45898(BakedModelManager.java:105) ~[minecraft-merged-fb838c10a7-1.21-net.fabricmc.yarn.1_21.1.21+build.9-v2.jar:?]
	at java.base/java.util.concurrent.CompletableFuture$AsyncSupply.run(CompletableFuture.java:1768) [?:?]
	at java.base/java.util.concurrent.CompletableFuture$AsyncSupply.exec(CompletableFuture.java:1760) [?:?]
	at java.base/java.util.concurrent.ForkJoinTask.doExec(ForkJoinTask.java:387) [?:?]
	at java.base/java.util.concurrent.ForkJoinPool$WorkQueue.topLevelExec(ForkJoinPool.java:1312) [?:?]
	at java.base/java.util.concurrent.ForkJoinPool.scan(ForkJoinPool.java:1843) [?:?]
	at java.base/java.util.concurrent.ForkJoinPool.runWorker(ForkJoinPool.java:1808) [?:?]
	at java.base/java.util.concurrent.ForkJoinWorkerThread.run(ForkJoinWorkerThread.java:188) [?:?]
[01:33:12] [Worker-Main-3/INFO] (Minecraft) Found unifont_jp_patch-15.1.05.hex, loading
[01:33:13] [Worker-Main-2/ERROR] (Minecraft) Failed to load model kotatsukun-furniture-mod:models/item/red_pillar1.json
net.minecraft.util.InvalidIdentifierException: Non [a-z0-9/._-] character in path of location: kotatsukun-furniture-mod:block/red pillar1
	at net.minecraft.util.Identifier.validatePath(Identifier.java:285) ~[minecraft-merged-fb838c10a7-1.21-net.fabricmc.yarn.1_21.1.21+build.9-v2.jar:?]
	at net.minecraft.util.Identifier.ofValidated(Identifier.java:48) ~[minecraft-merged-fb838c10a7-1.21-net.fabricmc.yarn.1_21.1.21+build.9-v2.jar:?]
	at net.minecraft.util.Identifier.splitOn(Identifier.java:82) ~[minecraft-merged-fb838c10a7-1.21-net.fabricmc.yarn.1_21.1.21+build.9-v2.jar:?]
	at net.minecraft.util.Identifier.of(Identifier.java:56) ~[minecraft-merged-fb838c10a7-1.21-net.fabricmc.yarn.1_21.1.21+build.9-v2.jar:?]
	at net.minecraft.client.render.model.json.JsonUnbakedModel$Deserializer.deserialize(JsonUnbakedModel.java:324) ~[minecraft-merged-fb838c10a7-1.21-net.fabricmc.yarn.1_21.1.21+build.9-v2.jar:?]
	at net.minecraft.client.render.model.json.JsonUnbakedModel$Deserializer.deserialize(JsonUnbakedModel.java:300) ~[minecraft-merged-fb838c10a7-1.21-net.fabricmc.yarn.1_21.1.21+build.9-v2.jar:?]
	at com.google.gson.internal.bind.TreeTypeAdapter.read(TreeTypeAdapter.java:76) ~[gson-2.10.1.jar:?]
	at net.minecraft.util.JsonHelper.deserializeNullable(JsonHelper.java:525) ~[minecraft-merged-fb838c10a7-1.21-net.fabricmc.yarn.1_21.1.21+build.9-v2.jar:?]
	at net.minecraft.util.JsonHelper.deserialize(JsonHelper.java:532) ~[minecraft-merged-fb838c10a7-1.21-net.fabricmc.yarn.1_21.1.21+build.9-v2.jar:?]
	at net.minecraft.util.JsonHelper.deserialize(JsonHelper.java:582) ~[minecraft-merged-fb838c10a7-1.21-net.fabricmc.yarn.1_21.1.21+build.9-v2.jar:?]
	at net.minecraft.client.render.model.json.JsonUnbakedModel.deserialize(JsonUnbakedModel.java:86) ~[minecraft-merged-fb838c10a7-1.21-net.fabricmc.yarn.1_21.1.21+build.9-v2.jar:?]
	at net.minecraft.client.render.model.BakedModelManager.method_45898(BakedModelManager.java:105) ~[minecraft-merged-fb838c10a7-1.21-net.fabricmc.yarn.1_21.1.21+build.9-v2.jar:?]
	at java.base/java.util.concurrent.CompletableFuture$AsyncSupply.run(CompletableFuture.java:1768) [?:?]
	at java.base/java.util.concurrent.CompletableFuture$AsyncSupply.exec(CompletableFuture.java:1760) [?:?]
	at java.base/java.util.concurrent.ForkJoinTask.doExec(ForkJoinTask.java:387) [?:?]
	at java.base/java.util.concurrent.ForkJoinPool$WorkQueue.topLevelExec(ForkJoinPool.java:1312) [?:?]
	at java.base/java.util.concurrent.ForkJoinPool.scan(ForkJoinPool.java:1843) [?:?]
	at java.base/java.util.concurrent.ForkJoinPool.runWorker(ForkJoinPool.java:1808) [?:?]
	at java.base/java.util.concurrent.ForkJoinWorkerThread.run(ForkJoinWorkerThread.java:188) [?:?]
[01:33:13] [Worker-Main-1/WARN] (Minecraft) Texture kotatsukun-furniture-mod:block/fur with size 364x260 limits mip level from 4 to 2
[01:33:13] [Worker-Main-1/WARN] (Minecraft) minecraft:textures/atlas/blocks.png: dropping miplevel from 4 to 2, because of minimum power of two: 4
[01:33:16] [Worker-Main-2/WARN] (Minecraft) Unable to load model: 'kotatsukun-furniture-mod:block/red_pillar1' referenced from: kotatsukun-furniture-mod:block/red_pillar1: java.io.FileNotFoundException: kotatsukun-furniture-mod:models/block/red_pillar1.json
[01:33:16] [Worker-Main-2/WARN] (Minecraft) Unable to load model: 'kotatsukun-furniture-mod:block/red_pillar2' referenced from: kotatsukun-furniture-mod:block/red_pillar2: java.io.FileNotFoundException: kotatsukun-furniture-mod:models/block/red_pillar2.json
[01:33:16] [Worker-Main-2/WARN] (Minecraft) Unable to load model: 'kotatsukun-furniture-mod:item/red_pillar1' referenced from: kotatsukun-furniture-mod:item/red_pillar1: java.io.FileNotFoundException: kotatsukun-furniture-mod:models/item/red_pillar1.json
[01:33:19] [Render thread/WARN] (Minecraft) Missing sound for event: minecraft:item.goat_horn.play
[01:33:20] [Render thread/WARN] (Minecraft) Missing sound for event: minecraft:entity.goat.screaming.horn_break
[01:33:21] [Render thread/INFO] (Minecraft) OpenAL initialized on device OpenAL Soft on SONY TV (Áudio Intel(R) para telas)
[01:33:21] [Render thread/INFO] (Minecraft) Sound engine started
[01:33:21] [Render thread/INFO] (Minecraft) Created: 1024x1024x2 minecraft:textures/atlas/blocks.png-atlas
[01:33:21] [Render thread/INFO] (Minecraft) Created: 256x256x4 minecraft:textures/atlas/signs.png-atlas
[01:33:21] [Render thread/INFO] (Minecraft) Created: 512x512x4 minecraft:textures/atlas/banner_patterns.png-atlas
[01:33:21] [Render thread/INFO] (Minecraft) Created: 512x512x4 minecraft:textures/atlas/shield_patterns.png-atlas
[01:33:21] [Render thread/INFO] (Minecraft) Created: 1024x1024x4 minecraft:textures/atlas/armor_trims.png-atlas
[01:33:22] [Render thread/INFO] (Minecraft) Created: 256x256x4 minecraft:textures/atlas/chest.png-atlas
[01:33:22] [Render thread/INFO] (Minecraft) Created: 128x64x4 minecraft:textures/atlas/decorated_pot.png-atlas
[01:33:22] [Render thread/INFO] (Minecraft) Created: 512x256x4 minecraft:textures/atlas/shulker_boxes.png-atlas
[01:33:22] [Render thread/INFO] (Minecraft) Created: 512x256x4 minecraft:textures/atlas/beds.png-atlas
[01:33:23] [Render thread/INFO] (Minecraft) Created: 512x256x0 minecraft:textures/atlas/particles.png-atlas
[01:33:23] [Render thread/INFO] (Minecraft) Created: 512x256x0 minecraft:textures/atlas/paintings.png-atlas
[01:33:23] [Render thread/INFO] (Minecraft) Created: 256x128x0 minecraft:textures/atlas/mob_effects.png-atlas
[01:33:23] [Render thread/INFO] (Minecraft) Created: 64x64x0 minecraft:textures/atlas/map_decorations.png-atlas
[01:33:23] [Render thread/INFO] (Minecraft) Created: 1024x512x0 minecraft:textures/atlas/gui.png-atlas
[01:33:24] [Render thread/WARN] (Minecraft) Shader rendertype_entity_translucent_emissive could not find sampler named Sampler2 in the specified shader program.
[01:33:57] [Render thread/INFO] (Minecraft) Loaded 1290 recipes
[01:33:58] [Render thread/INFO] (Minecraft) Loaded 1399 advancements
[01:33:59] [Render thread/INFO] (BiomeModificationImpl) Applied 0 biome modifications to 0 of 64 new biomes in 5.508 ms
[01:33:59] [Server thread/INFO] (Minecraft) Starting integrated minecraft server version 1.21
[01:33:59] [Server thread/INFO] (Minecraft) Generating keypair
[01:34:07] [Server thread/INFO] (Minecraft) Preparing start region for dimension minecraft:overworld
[01:34:08] [Render thread/INFO] (Minecraft) Preparing spawn area: 0%
[01:34:08] [Render thread/INFO] (Minecraft) Preparing spawn area: 0%
[01:34:08] [Render thread/INFO] (Minecraft) Preparing spawn area: 0%
[01:34:08] [Render thread/INFO] (Minecraft) Time elapsed: 1542 ms
[01:34:08] [Server thread/INFO] (Minecraft) Changing view distance to 12, from 10
[01:34:08] [Server thread/INFO] (Minecraft) Changing simulation distance to 12, from 0
[01:34:13] [Server thread/INFO] (Minecraft) Player496[local:E:c414e385] logged in with entity id 1 at (21.280357174161498, 73.0, 10.831346439591616)
[01:34:13] [Server thread/INFO] (Minecraft) Player496 joined the game
[01:34:14] [Render thread/INFO] (Minecraft) Loaded 13 advancements
[01:34:21] [Server thread/INFO] (Minecraft) Saving and pausing game...
[01:34:21] [Server thread/INFO] (Minecraft) Saving chunks for level 'ServerLevel[New World]'/minecraft:overworld
[01:34:22] [Server thread/INFO] (Minecraft) Saving chunks for level 'ServerLevel[New World]'/minecraft:the_nether
[01:34:22] [Server thread/INFO] (Minecraft) Saving chunks for level 'ServerLevel[New World]'/minecraft:the_end
[01:34:23] [Server thread/INFO] (Minecraft) Player496 lost connection: Disconnected
[01:34:23] [Server thread/INFO] (Minecraft) Player496 left the game
[01:34:23] [Server thread/INFO] (Minecraft) Stopping singleplayer server as player logged out
[01:34:23] [Server thread/INFO] (Minecraft) Stopping server
[01:34:23] [Server thread/INFO] (Minecraft) Saving players
[01:34:23] [Server thread/INFO] (Minecraft) Saving worlds
[01:34:25] [Server thread/INFO] (Minecraft) Saving chunks for level 'ServerLevel[New World]'/minecraft:overworld
[01:34:26] [Server thread/INFO] (Minecraft) Saving chunks for level 'ServerLevel[New World]'/minecraft:the_nether
[01:34:26] [Server thread/INFO] (Minecraft) Saving chunks for level 'ServerLevel[New World]'/minecraft:the_end
[01:34:26] [Server thread/INFO] (Minecraft) ThreadedAnvilChunkStorage (New World): All chunks are saved
[01:34:26] [Server thread/INFO] (Minecraft) ThreadedAnvilChunkStorage (DIM-1): All chunks are saved
[01:34:26] [Server thread/INFO] (Minecraft) ThreadedAnvilChunkStorage (DIM1): All chunks are saved
[01:34:26] [Server thread/INFO] (Minecraft) ThreadedAnvilChunkStorage: All dimensions are saved
[01:34:50] [Render thread/INFO] (Minecraft) Stopping!
